<<<<<<< HEAD
15:22:02:200 [INFO] Connecting to simulation server at 127.0.0.1
15:22:02:216 [INFO] Connection opened.
15:22:02:217 [INFO] Started the pub-sub topic receiving thread.
15:22:02:218 [INFO] Loading scene config: scene_basic_drone.jsonc
15:22:04:084 [INFO] Getting the list of available topic info from the sim server...
15:22:04:104 [INFO] Successfully received topic info list.
15:22:06:106 [INFO] World object updated for the loaded scene '/Sim/SceneBasicDrone'. Note: Any previous Drone object instances may no longer be valid.
15:22:06:109 [INFO] Trajectory 'null_trajectory' imported successfully.
15:22:06:109 [INFO] Initalizing Drone 'Drone1'...
15:22:06:112 [INFO] -------------------------------------------------
15:22:06:112 [INFO] The following topics can be subscribed to for robot 'Drone1':
15:22:06:113 [INFO]     sensors["Chase"]["scene_camera"]
15:22:06:113 [INFO]     sensors["Chase"]["scene_camera_info"]
15:22:06:113 [INFO]     sensors["DownCamera"]["scene_camera"]
15:22:06:113 [INFO]     sensors["DownCamera"]["scene_camera_info"]
15:22:06:116 [INFO]     sensors["DownCamera"]["depth_camera"]
15:22:06:117 [INFO]     sensors["DownCamera"]["depth_camera_info"]
15:22:06:117 [INFO]     sensors["IMU1"]["imu_kinematics"]
15:22:06:118 [INFO]     sensors["GPS"]["gps"]
15:22:06:119 [INFO]     sensors["Barometer"]["barometer"]
15:22:06:119 [INFO]     sensors["Magnetometer"]["magnetometer"]
15:22:06:119 [INFO]     sensors["FrontRange"]["distance_sensor"]
15:22:06:123 [INFO]     sensors["BottomRange"]["distance_sensor"]
15:22:06:123 [INFO]     robot_info["actual_pose"]
15:22:06:123 [INFO]     robot_info["collision_info"]
15:22:06:123 [INFO]     robot_info["rotor_info"]
15:22:06:125 [INFO] -------------------------------------------------
15:22:06:125 [INFO] Drone 'Drone1' initialized for World scene '/Sim/SceneBasicDrone'
15:22:06:130 [ERROR] Error reading setup file: Expecting value: line 1 column 1 (char 0)
15:22:06:130 [INFO] Connected to AirSim with run number: None
15:22:06:132 [INFO] Welcome to to Class 499's Codrone Simulator!
 We will begin the connecting process now.
15:22:06:132 [INFO] Valid Commands: 
15:22:06:133 [INFO] Reset
15:22:06:133 [INFO] Close
15:22:06:133 [INFO] Takeoff
15:22:06:133 [INFO] State_Polling
15:22:06:133 [INFO] Land
15:22:06:134 [INFO] Forward
15:22:06:134 [INFO] Backward
15:22:06:134 [INFO] Left
15:22:06:134 [INFO] Right
15:22:06:134 [INFO] Up
15:22:06:136 [INFO] Down
15:22:06:136 [INFO] Yaw_Left
15:22:06:136 [INFO] Yaw_Right
15:22:06:136 [INFO] 

15:22:15:877 [INFO] Closing User Control
15:22:15:878 [INFO] Run number None, has been closed and saved. Thank you.
15:22:15:883 [INFO] Closing User Control
15:22:15:885 [INFO] Run number None, has been closed and saved. Thank you.
=======
11:36:02:085 [INFO] Connecting to simulation server at 127.0.0.1
11:36:02:092 [INFO] Connection opened.
11:36:02:093 [INFO] Started the pub-sub topic receiving thread.
11:36:02:093 [INFO] Loading scene config: scene_basic_drone.jsonc
11:36:03:010 [INFO] Getting the list of available topic info from the sim server...
11:36:03:036 [INFO] Successfully received topic info list.
11:36:05:055 [INFO] World object updated for the loaded scene '/Sim/SceneBasicDrone'. Note: Any previous Drone object instances may no longer be valid.
11:36:05:057 [INFO] Trajectory 'null_trajectory' imported successfully.
11:36:05:057 [INFO] Initalizing Drone 'Drone1'...
11:36:05:058 [INFO] -------------------------------------------------
11:36:05:058 [INFO] The following topics can be subscribed to for robot 'Drone1':
11:36:05:058 [INFO]     sensors["Chase"]["scene_camera"]
11:36:05:058 [INFO]     sensors["Chase"]["scene_camera_info"]
11:36:05:059 [INFO]     sensors["DownCamera"]["scene_camera"]
11:36:05:059 [INFO]     sensors["DownCamera"]["scene_camera_info"]
11:36:05:059 [INFO]     sensors["DownCamera"]["depth_camera"]
11:36:05:059 [INFO]     sensors["DownCamera"]["depth_camera_info"]
11:36:05:060 [INFO]     sensors["IMU1"]["imu_kinematics"]
11:36:05:060 [INFO]     sensors["GPS"]["gps"]
11:36:05:060 [INFO]     sensors["Barometer"]["barometer"]
11:36:05:061 [INFO]     sensors["Magnetometer"]["magnetometer"]
11:36:05:061 [INFO]     robot_info["actual_pose"]
11:36:05:061 [INFO]     robot_info["collision_info"]
11:36:05:061 [INFO]     robot_info["rotor_info"]
11:36:05:061 [INFO] -------------------------------------------------
11:36:05:061 [INFO] Drone 'Drone1' initialized for World scene '/Sim/SceneBasicDrone'
11:36:05:064 [INFO] Connected to AirSim with run number: 58
11:36:05:067 [INFO] Welcome to to Class 499's Codrone Simulator!
 We will begin the connecting process now.
11:36:05:067 [INFO] Valid Commands: 
11:36:05:067 [INFO] Reset
11:36:05:067 [INFO] Close
11:36:05:068 [INFO] Takeoff
11:36:05:068 [INFO] State_Polling
11:36:05:068 [INFO] Land
11:36:05:068 [INFO] Forward
11:36:05:068 [INFO] Backward
11:36:05:069 [INFO] Left
11:36:05:069 [INFO] Right
11:36:05:069 [INFO] Up
11:36:05:069 [INFO] Down
11:36:05:069 [INFO] Yaw_Left
11:36:05:069 [INFO] Yaw_Right
11:36:05:069 [INFO] 

11:36:22:383 [INFO] takeoff_async: starting
11:36:22:385 [INFO] takeoff_async: completed
11:36:22:386 [WARNING] Drone has exceeded safe altitude limits (z=306.428). Initiating emergency landing.
>>>>>>> 9c9051e78e657871a7f500e61e392a1ffe9f6c51
